This is pdfTeX, Version 3.14159265-2.6-1.40.16 (TeX Live 2016/dev) (preloaded format=pdflatex 2016.10.4)  31 OCT 2016 21:40
entering extended mode
 restricted \write18 enabled.
 %&-line parsing enabled.
**Pruebas.tex
(./Pruebas.tex
LaTeX2e <2015/01/01> patch level 2
Babel <3.9m> and hyphenation patterns for 3 languages loaded.
! Undefined control sequence.
l.1 \section
            {Pruebas}
? 
! Emergency stop.
l.1 \section
            {Pruebas}
End of file on the terminal!

 
Here is how much of TeX's memory you used:
 5 strings out of 494968
 134 string characters out of 6180529
 45436 words of memory out of 5000000
 3346 multiletter control sequences out of 15000+600000
 3640 words of font info for 14 fonts, out of 8000000 for 9000
 34 hyphenation exceptions out of 8191
 5i,0n,1p,31b,8s stack positions out of 5000i,500n,10000p,200000b,80000s
!  ==> Fatal error occurred, no output PDF file produced!
